{
  "stats": {
    "suites": 1,
    "tests": 1,
    "passes": 1,
    "pending": 0,
    "failures": 0,
    "start": "2023-12-03T10:59:10.912Z",
    "end": "2023-12-03T10:59:24.113Z",
    "duration": 13201,
    "testsRegistered": 1,
    "passPercent": 100,
    "pendingPercent": 0,
    "other": 0,
    "hasOther": false,
    "skipped": 0,
    "hasSkipped": false
  },
  "results": [
    {
      "uuid": "60236829-2b30-4bb5-a0bf-11ef1715adf3",
      "title": "",
      "fullFile": "cypress\\e2e\\loginApi.cy.js",
      "file": "cypress\\e2e\\loginApi.cy.js",
      "beforeHooks": [],
      "afterHooks": [],
      "tests": [],
      "suites": [
        {
          "uuid": "d9f98b72-0286-4ebd-8e14-7aea5c032f92",
          "title": "Login Via API",
          "fullFile": "",
          "file": "",
          "beforeHooks": [],
          "afterHooks": [],
          "tests": [
            {
              "title": "Login to account and check that user was logged in",
              "fullTitle": "Login Via API Login to account and check that user was logged in",
              "timedOut": null,
              "duration": 4230,
              "state": "passed",
              "speed": "fast",
              "pass": true,
              "fail": false,
              "pending": false,
              "context": null,
              "code": "(0, _APIHelpers.loginViaApi)();\n(0, _APIHelpers.setLocalStorageForLogin)();\ncy.get('.mat-button-wrapper').eq(3).should('contain', ' Maryyyyyy ');",
              "err": {},
              "uuid": "adf63f0a-f69e-4eed-8f4e-fe4275b7533d",
              "parentUUID": "d9f98b72-0286-4ebd-8e14-7aea5c032f92",
              "isHook": false,
              "skipped": false
            }
          ],
          "suites": [],
          "passes": [
            "adf63f0a-f69e-4eed-8f4e-fe4275b7533d"
          ],
          "failures": [],
          "pending": [],
          "skipped": [],
          "duration": 4230,
          "root": false,
          "rootEmpty": false,
          "_timeout": 2000
        }
      ],
      "passes": [],
      "failures": [],
      "pending": [],
      "skipped": [],
      "duration": 0,
      "root": true,
      "rootEmpty": true,
      "_timeout": 2000
    }
  ],
  "meta": {
    "mocha": {
      "version": "7.0.1"
    },
    "mochawesome": {
      "options": {
        "quiet": false,
        "reportFilename": "mochawesome",
        "saveHtml": false,
        "saveJson": true,
        "consoleReporter": "spec",
        "useInlineDiffs": false,
        "code": true
      },
      "version": "7.1.3"
    },
    "marge": {
      "options": {
        "reportDir": "cypress/results",
        "overwrite": false,
        "html": false,
        "json": true
      },
      "version": "6.2.0"
    }
  }
}