{
  "stats": {
    "suites": 1,
    "tests": 1,
    "passes": 1,
    "pending": 0,
    "failures": 0,
    "start": "2023-12-08T12:42:52.611Z",
    "end": "2023-12-08T12:42:58.995Z",
    "duration": 6384,
    "testsRegistered": 1,
    "passPercent": 100,
    "pendingPercent": 0,
    "other": 0,
    "hasOther": false,
    "skipped": 0,
    "hasSkipped": false
  },
  "results": [
    {
      "uuid": "ab26a00c-36f8-457a-8589-b7096789330b",
      "title": "",
      "fullFile": "cypress\\e2e\\loginApi.cy.js",
      "file": "cypress\\e2e\\loginApi.cy.js",
      "beforeHooks": [],
      "afterHooks": [],
      "tests": [],
      "suites": [
        {
          "uuid": "0ea76351-158c-4f5d-bb7c-73714c2dbf3c",
          "title": "Login Via API",
          "fullFile": "",
          "file": "",
          "beforeHooks": [],
          "afterHooks": [],
          "tests": [
            {
              "title": "Login to account and check that user was logged in",
              "fullTitle": "Login Via API Login to account and check that user was logged in",
              "timedOut": null,
              "duration": 2870,
              "state": "passed",
              "speed": "fast",
              "pass": true,
              "fail": false,
              "pending": false,
              "context": null,
              "code": "(0, _APIHelpers.loginViaApi)();\n(0, _APIHelpers.setLocalStorageForLogin)();\ncy.get('.mat-button-wrapper').eq(3).should('contain', ' Maryyyyyy ');",
              "err": {},
              "uuid": "4e1ea738-cc48-42b5-a2f0-126bc0e847e6",
              "parentUUID": "0ea76351-158c-4f5d-bb7c-73714c2dbf3c",
              "isHook": false,
              "skipped": false
            }
          ],
          "suites": [],
          "passes": [
            "4e1ea738-cc48-42b5-a2f0-126bc0e847e6"
          ],
          "failures": [],
          "pending": [],
          "skipped": [],
          "duration": 2870,
          "root": false,
          "rootEmpty": false,
          "_timeout": 2000
        }
      ],
      "passes": [],
      "failures": [],
      "pending": [],
      "skipped": [],
      "duration": 0,
      "root": true,
      "rootEmpty": true,
      "_timeout": 2000
    }
  ],
  "meta": {
    "mocha": {
      "version": "7.0.1"
    },
    "mochawesome": {
      "options": {
        "quiet": false,
        "reportFilename": "mochawesome",
        "saveHtml": true,
        "saveJson": true,
        "consoleReporter": "spec",
        "useInlineDiffs": false,
        "code": true
      },
      "version": "7.1.3"
    },
    "marge": {
      "options": {
        "reportDir": "cypress/results",
        "overwrite": false,
        "html": true,
        "json": true
      },
      "version": "6.2.0"
    }
  }
}