{
  "stats": {
    "suites": 1,
    "tests": 1,
    "passes": 1,
    "pending": 0,
    "failures": 0,
    "start": "2023-12-14T19:08:56.069Z",
    "end": "2023-12-14T19:08:57.168Z",
    "duration": 1099,
    "testsRegistered": 1,
    "passPercent": 100,
    "pendingPercent": 0,
    "other": 0,
    "hasOther": false,
    "skipped": 0,
    "hasSkipped": false
  },
  "results": [
    {
      "uuid": "2f705834-bf69-448c-af7a-3e78703c749a",
      "title": "",
      "fullFile": "cypress\\e2e\\Wishlist tests\\moveItensToWishlist.cy.js",
      "file": "cypress\\e2e\\Wishlist tests\\moveItensToWishlist.cy.js",
      "beforeHooks": [],
      "afterHooks": [],
      "tests": [],
      "suites": [
        {
          "uuid": "cd56a55a-7ae3-4156-bdb1-3288b275f35a",
          "title": "Wishlist spec",
          "fullFile": "",
          "file": "",
          "beforeHooks": [],
          "afterHooks": [],
          "tests": [
            {
              "title": "Post Wishlist item",
              "fullTitle": "Wishlist spec Post Wishlist item",
              "timedOut": null,
              "duration": 1040,
              "state": "passed",
              "speed": "fast",
              "pass": true,
              "fail": false,
              "pending": false,
              "context": null,
              "code": "_wishlistPage.default.postWishlistItem(productId);",
              "err": {},
              "uuid": "cda1853c-6343-4f0a-9aed-63eb6f3fcb9c",
              "parentUUID": "cd56a55a-7ae3-4156-bdb1-3288b275f35a",
              "isHook": false,
              "skipped": false
            }
          ],
          "suites": [],
          "passes": [
            "cda1853c-6343-4f0a-9aed-63eb6f3fcb9c"
          ],
          "failures": [],
          "pending": [],
          "skipped": [],
          "duration": 1040,
          "root": false,
          "rootEmpty": false,
          "_timeout": 2000
        }
      ],
      "passes": [],
      "failures": [],
      "pending": [],
      "skipped": [],
      "duration": 0,
      "root": true,
      "rootEmpty": true,
      "_timeout": 2000
    }
  ],
  "meta": {
    "mocha": {
      "version": "7.0.1"
    },
    "mochawesome": {
      "options": {
        "quiet": false,
        "reportFilename": "mochawesome",
        "saveHtml": true,
        "saveJson": true,
        "consoleReporter": "spec",
        "useInlineDiffs": false,
        "code": true
      },
      "version": "7.1.3"
    },
    "marge": {
      "options": {
        "reportDir": "cypress/results",
        "overwrite": false,
        "html": true,
        "json": true
      },
      "version": "6.2.0"
    }
  }
}