{
  "stats": {
    "suites": 1,
    "tests": 1,
    "passes": 1,
    "pending": 0,
    "failures": 0,
    "start": "2023-12-14T19:08:10.264Z",
    "end": "2023-12-14T19:08:13.944Z",
    "duration": 3680,
    "testsRegistered": 1,
    "passPercent": 100,
    "pendingPercent": 0,
    "other": 0,
    "hasOther": false,
    "skipped": 0,
    "hasSkipped": false
  },
  "results": [
    {
      "uuid": "ff400faf-5ccc-43f5-b64f-196f5dc08b9a",
      "title": "",
      "fullFile": "cypress\\e2e\\createUser.cy.js",
      "file": "cypress\\e2e\\createUser.cy.js",
      "beforeHooks": [],
      "afterHooks": [],
      "tests": [],
      "suites": [
        {
          "uuid": "e9514f95-5ad6-49a2-94c6-aba6dbe708a7",
          "title": "User Signup API Test",
          "fullFile": "",
          "file": "",
          "beforeHooks": [],
          "afterHooks": [],
          "tests": [
            {
              "title": "should sign up a new user",
              "fullTitle": "User Signup API Test should sign up a new user",
              "timedOut": null,
              "duration": 3442,
              "state": "passed",
              "speed": "fast",
              "pass": true,
              "fail": false,
              "pending": false,
              "context": null,
              "code": "const user = {\n  \"firstname\": \"Mariia\",\n  \"lastname\": \"Ivanisova\",\n  \"username\": \"Maryyyyyy\",\n  \"password\": \"123123Mariia\",\n  \"confirmPassword\": \"123123Mariia\",\n  \"gender\": \"Female\"\n};\nconst createUserHelper = new _APIHelpers.CreateUserHelper();\ncreateUserHelper.signupUser(user);",
              "err": {},
              "uuid": "fff47047-a056-4f3f-a2d2-631c93587bdf",
              "parentUUID": "e9514f95-5ad6-49a2-94c6-aba6dbe708a7",
              "isHook": false,
              "skipped": false
            }
          ],
          "suites": [],
          "passes": [
            "fff47047-a056-4f3f-a2d2-631c93587bdf"
          ],
          "failures": [],
          "pending": [],
          "skipped": [],
          "duration": 3442,
          "root": false,
          "rootEmpty": false,
          "_timeout": 2000
        }
      ],
      "passes": [],
      "failures": [],
      "pending": [],
      "skipped": [],
      "duration": 0,
      "root": true,
      "rootEmpty": true,
      "_timeout": 2000
    }
  ],
  "meta": {
    "mocha": {
      "version": "7.0.1"
    },
    "mochawesome": {
      "options": {
        "quiet": false,
        "reportFilename": "mochawesome",
        "saveHtml": true,
        "saveJson": true,
        "consoleReporter": "spec",
        "useInlineDiffs": false,
        "code": true
      },
      "version": "7.1.3"
    },
    "marge": {
      "options": {
        "reportDir": "cypress/results",
        "overwrite": false,
        "html": true,
        "json": true
      },
      "version": "6.2.0"
    }
  }
}