{
  "stats": {
    "suites": 1,
    "tests": 1,
    "passes": 1,
    "pending": 0,
    "failures": 0,
    "start": "2023-12-14T19:08:20.447Z",
    "end": "2023-12-14T19:08:33.693Z",
    "duration": 13246,
    "testsRegistered": 1,
    "passPercent": 100,
    "pendingPercent": 0,
    "other": 0,
    "hasOther": false,
    "skipped": 0,
    "hasSkipped": false
  },
  "results": [
    {
      "uuid": "cf90c2a8-f3d0-4254-bf4d-1652909c4f8d",
      "title": "",
      "fullFile": "cypress\\e2e\\loginApi.cy.js",
      "file": "cypress\\e2e\\loginApi.cy.js",
      "beforeHooks": [],
      "afterHooks": [],
      "tests": [],
      "suites": [
        {
          "uuid": "da8fd02e-e4d6-4bc8-987a-1b00fd3c41b3",
          "title": "Login Via API",
          "fullFile": "",
          "file": "",
          "beforeHooks": [],
          "afterHooks": [],
          "tests": [
            {
              "title": "Login to account and check that user was logged in",
              "fullTitle": "Login Via API Login to account and check that user was logged in",
              "timedOut": null,
              "duration": 5803,
              "state": "passed",
              "speed": "medium",
              "pass": true,
              "fail": false,
              "pending": false,
              "context": null,
              "code": "(0, _APIHelpers.loginViaApi)();\n(0, _APIHelpers.setLocalStorageForLogin)();\ncy.get('.mat-button-wrapper').eq(3).should('contain', ' Maryyyyyy ');",
              "err": {},
              "uuid": "4ea18fd3-da37-4bf8-bc2e-1994a8f545d7",
              "parentUUID": "da8fd02e-e4d6-4bc8-987a-1b00fd3c41b3",
              "isHook": false,
              "skipped": false
            }
          ],
          "suites": [],
          "passes": [
            "4ea18fd3-da37-4bf8-bc2e-1994a8f545d7"
          ],
          "failures": [],
          "pending": [],
          "skipped": [],
          "duration": 5803,
          "root": false,
          "rootEmpty": false,
          "_timeout": 2000
        }
      ],
      "passes": [],
      "failures": [],
      "pending": [],
      "skipped": [],
      "duration": 0,
      "root": true,
      "rootEmpty": true,
      "_timeout": 2000
    }
  ],
  "meta": {
    "mocha": {
      "version": "7.0.1"
    },
    "mochawesome": {
      "options": {
        "quiet": false,
        "reportFilename": "mochawesome",
        "saveHtml": true,
        "saveJson": true,
        "consoleReporter": "spec",
        "useInlineDiffs": false,
        "code": true
      },
      "version": "7.1.3"
    },
    "marge": {
      "options": {
        "reportDir": "cypress/results",
        "overwrite": false,
        "html": true,
        "json": true
      },
      "version": "6.2.0"
    }
  }
}