{
  "stats": {
    "suites": 1,
    "tests": 1,
    "passes": 1,
    "pending": 0,
    "failures": 0,
    "start": "2023-12-08T12:42:17.583Z",
    "end": "2023-12-08T12:42:19.598Z",
    "duration": 2015,
    "testsRegistered": 1,
    "passPercent": 100,
    "pendingPercent": 0,
    "other": 0,
    "hasOther": false,
    "skipped": 0,
    "hasSkipped": false
  },
  "results": [
    {
      "uuid": "761c32f7-ab94-4c40-ae61-b1f6430d565b",
      "title": "",
      "fullFile": "cypress\\e2e\\Wishlist tests\\deleteWishlistItem.cy.js",
      "file": "cypress\\e2e\\Wishlist tests\\deleteWishlistItem.cy.js",
      "beforeHooks": [],
      "afterHooks": [],
      "tests": [],
      "suites": [
        {
          "uuid": "df36b2d3-f886-40c0-8f18-15055e46b1fe",
          "title": "Wishlist spec",
          "fullFile": "",
          "file": "",
          "beforeHooks": [],
          "afterHooks": [],
          "tests": [
            {
              "title": "Delete Wishlist item",
              "fullTitle": "Wishlist spec Delete Wishlist item",
              "timedOut": null,
              "duration": 1521,
              "state": "passed",
              "speed": "fast",
              "pass": true,
              "fail": false,
              "pending": false,
              "context": null,
              "code": "_wishlistPage.default.deleteWishlistItem();",
              "err": {},
              "uuid": "fb0fe22b-a557-418f-9c38-34cfe56abdcc",
              "parentUUID": "df36b2d3-f886-40c0-8f18-15055e46b1fe",
              "isHook": false,
              "skipped": false
            }
          ],
          "suites": [],
          "passes": [
            "fb0fe22b-a557-418f-9c38-34cfe56abdcc"
          ],
          "failures": [],
          "pending": [],
          "skipped": [],
          "duration": 1521,
          "root": false,
          "rootEmpty": false,
          "_timeout": 2000
        }
      ],
      "passes": [],
      "failures": [],
      "pending": [],
      "skipped": [],
      "duration": 0,
      "root": true,
      "rootEmpty": true,
      "_timeout": 2000
    }
  ],
  "meta": {
    "mocha": {
      "version": "7.0.1"
    },
    "mochawesome": {
      "options": {
        "quiet": false,
        "reportFilename": "mochawesome",
        "saveHtml": true,
        "saveJson": true,
        "consoleReporter": "spec",
        "useInlineDiffs": false,
        "code": true
      },
      "version": "7.1.3"
    },
    "marge": {
      "options": {
        "reportDir": "cypress/results",
        "overwrite": false,
        "html": true,
        "json": true
      },
      "version": "6.2.0"
    }
  }
}