{
  "stats": {
    "suites": 1,
    "tests": 1,
    "passes": 1,
    "pending": 0,
    "failures": 0,
    "start": "2023-12-03T11:00:43.333Z",
    "end": "2023-12-03T11:00:53.421Z",
    "duration": 10088,
    "testsRegistered": 1,
    "passPercent": 100,
    "pendingPercent": 0,
    "other": 0,
    "hasOther": false,
    "skipped": 0,
    "hasSkipped": false
  },
  "results": [
    {
      "uuid": "48474b6f-da29-42a8-a160-851d980db5b0",
      "title": "",
      "fullFile": "cypress\\e2e\\loginApi.cy.js",
      "file": "cypress\\e2e\\loginApi.cy.js",
      "beforeHooks": [],
      "afterHooks": [],
      "tests": [],
      "suites": [
        {
          "uuid": "2c96eb05-f062-47bb-a49f-c1e3098a069e",
          "title": "Login Via API",
          "fullFile": "",
          "file": "",
          "beforeHooks": [],
          "afterHooks": [],
          "tests": [
            {
              "title": "Login to account and check that user was logged in",
              "fullTitle": "Login Via API Login to account and check that user was logged in",
              "timedOut": null,
              "duration": 3679,
              "state": "passed",
              "speed": "fast",
              "pass": true,
              "fail": false,
              "pending": false,
              "context": null,
              "code": "(0, _APIHelpers.loginViaApi)();\n(0, _APIHelpers.setLocalStorageForLogin)();\ncy.get('.mat-button-wrapper').eq(3).should('contain', ' Maryyyyyy ');",
              "err": {},
              "uuid": "fda01c43-4a56-4bf7-b19e-e73521306f71",
              "parentUUID": "2c96eb05-f062-47bb-a49f-c1e3098a069e",
              "isHook": false,
              "skipped": false
            }
          ],
          "suites": [],
          "passes": [
            "fda01c43-4a56-4bf7-b19e-e73521306f71"
          ],
          "failures": [],
          "pending": [],
          "skipped": [],
          "duration": 3679,
          "root": false,
          "rootEmpty": false,
          "_timeout": 2000
        }
      ],
      "passes": [],
      "failures": [],
      "pending": [],
      "skipped": [],
      "duration": 0,
      "root": true,
      "rootEmpty": true,
      "_timeout": 2000
    }
  ],
  "meta": {
    "mocha": {
      "version": "7.0.1"
    },
    "mochawesome": {
      "options": {
        "quiet": false,
        "reportFilename": "mochawesome",
        "saveHtml": true,
        "saveJson": true,
        "consoleReporter": "spec",
        "useInlineDiffs": false,
        "code": true
      },
      "version": "7.1.3"
    },
    "marge": {
      "options": {
        "reportDir": "cypress/results",
        "overwrite": false,
        "html": true,
        "json": true
      },
      "version": "6.2.0"
    }
  }
}