{
  "stats": {
    "suites": 1,
    "tests": 1,
    "passes": 1,
    "pending": 0,
    "failures": 0,
    "start": "2023-12-08T12:42:34.289Z",
    "end": "2023-12-08T12:42:35.788Z",
    "duration": 1499,
    "testsRegistered": 1,
    "passPercent": 100,
    "pendingPercent": 0,
    "other": 0,
    "hasOther": false,
    "skipped": 0,
    "hasSkipped": false
  },
  "results": [
    {
      "uuid": "aeee754c-a386-4cc1-bd98-f7eced2caecc",
      "title": "",
      "fullFile": "cypress\\e2e\\Wishlist tests\\moveItensToWishlist.cy.js",
      "file": "cypress\\e2e\\Wishlist tests\\moveItensToWishlist.cy.js",
      "beforeHooks": [],
      "afterHooks": [],
      "tests": [],
      "suites": [
        {
          "uuid": "1bbdcf12-c471-40e4-a764-79756ef8991d",
          "title": "Wishlist spec",
          "fullFile": "",
          "file": "",
          "beforeHooks": [],
          "afterHooks": [],
          "tests": [
            {
              "title": "Post Wishlist item",
              "fullTitle": "Wishlist spec Post Wishlist item",
              "timedOut": null,
              "duration": 995,
              "state": "passed",
              "speed": "fast",
              "pass": true,
              "fail": false,
              "pending": false,
              "context": null,
              "code": "_wishlistPage.default.postWishlistItem(productId);",
              "err": {},
              "uuid": "1894493a-272b-4ec8-b24d-694e2c04616c",
              "parentUUID": "1bbdcf12-c471-40e4-a764-79756ef8991d",
              "isHook": false,
              "skipped": false
            }
          ],
          "suites": [],
          "passes": [
            "1894493a-272b-4ec8-b24d-694e2c04616c"
          ],
          "failures": [],
          "pending": [],
          "skipped": [],
          "duration": 995,
          "root": false,
          "rootEmpty": false,
          "_timeout": 2000
        }
      ],
      "passes": [],
      "failures": [],
      "pending": [],
      "skipped": [],
      "duration": 0,
      "root": true,
      "rootEmpty": true,
      "_timeout": 2000
    }
  ],
  "meta": {
    "mocha": {
      "version": "7.0.1"
    },
    "mochawesome": {
      "options": {
        "quiet": false,
        "reportFilename": "mochawesome",
        "saveHtml": true,
        "saveJson": true,
        "consoleReporter": "spec",
        "useInlineDiffs": false,
        "code": true
      },
      "version": "7.1.3"
    },
    "marge": {
      "options": {
        "reportDir": "cypress/results",
        "overwrite": false,
        "html": true,
        "json": true
      },
      "version": "6.2.0"
    }
  }
}