{
  "stats": {
    "suites": 1,
    "tests": 1,
    "passes": 1,
    "pending": 0,
    "failures": 0,
    "start": "2023-12-14T19:08:50.659Z",
    "end": "2023-12-14T19:08:51.463Z",
    "duration": 804,
    "testsRegistered": 1,
    "passPercent": 100,
    "pendingPercent": 0,
    "other": 0,
    "hasOther": false,
    "skipped": 0,
    "hasSkipped": false
  },
  "results": [
    {
      "uuid": "f1d3a3ba-1b61-44d4-9554-a139a4e611ed",
      "title": "",
      "fullFile": "cypress\\e2e\\Wishlist tests\\getListOfItem.cy.js",
      "file": "cypress\\e2e\\Wishlist tests\\getListOfItem.cy.js",
      "beforeHooks": [],
      "afterHooks": [],
      "tests": [],
      "suites": [
        {
          "uuid": "de3399fe-e8d8-47ad-a607-33a8fd1dec50",
          "title": "Wishlist spec",
          "fullFile": "",
          "file": "",
          "beforeHooks": [],
          "afterHooks": [],
          "tests": [
            {
              "title": "Get Wishlist item",
              "fullTitle": "Wishlist spec Get Wishlist item",
              "timedOut": null,
              "duration": 735,
              "state": "passed",
              "speed": "fast",
              "pass": true,
              "fail": false,
              "pending": false,
              "context": null,
              "code": "_wishlistPage.default.getWishlistItem();",
              "err": {},
              "uuid": "a82afdc3-dfb9-4a84-8271-f3484604fbe6",
              "parentUUID": "de3399fe-e8d8-47ad-a607-33a8fd1dec50",
              "isHook": false,
              "skipped": false
            }
          ],
          "suites": [],
          "passes": [
            "a82afdc3-dfb9-4a84-8271-f3484604fbe6"
          ],
          "failures": [],
          "pending": [],
          "skipped": [],
          "duration": 735,
          "root": false,
          "rootEmpty": false,
          "_timeout": 2000
        }
      ],
      "passes": [],
      "failures": [],
      "pending": [],
      "skipped": [],
      "duration": 0,
      "root": true,
      "rootEmpty": true,
      "_timeout": 2000
    }
  ],
  "meta": {
    "mocha": {
      "version": "7.0.1"
    },
    "mochawesome": {
      "options": {
        "quiet": false,
        "reportFilename": "mochawesome",
        "saveHtml": true,
        "saveJson": true,
        "consoleReporter": "spec",
        "useInlineDiffs": false,
        "code": true
      },
      "version": "7.1.3"
    },
    "marge": {
      "options": {
        "reportDir": "cypress/results",
        "overwrite": false,
        "html": true,
        "json": true
      },
      "version": "6.2.0"
    }
  }
}